{"/Users/a1234/.openclaw/workspace/ops-maintenance/src-new/config/schemas.ts": {"path":"/Users/a1234/.openclaw/workspace/ops-maintenance/src-new/config/schemas.ts","statementMap":{"0":{"start":{"line":29,"column":0},"end":{"line":29,"column":null}},"1":{"start":{"line":30,"column":2},"end":{"line":30,"column":null}},"2":{"start":{"line":31,"column":2},"end":{"line":31,"column":null}},"3":{"start":{"line":32,"column":2},"end":{"line":32,"column":null}},"4":{"start":{"line":33,"column":2},"end":{"line":33,"column":null}},"5":{"start":{"line":41,"column":20},"end":{"line":41,"column":30}},"6":{"start":{"line":42,"column":20},"end":{"line":42,"column":32}},"7":{"start":{"line":43,"column":20},"end":{"line":43,"column":32}},"8":{"start":{"line":44,"column":20},"end":{"line":44,"column":32}},"9":{"start":{"line":45,"column":20},"end":{"line":45,"column":33}},"10":{"start":{"line":46,"column":20},"end":{"line":46,"column":37}},"11":{"start":{"line":53,"column":15},"end":{"line":53,"column":77}},"12":{"start":{"line":54,"column":4},"end":{"line":61,"column":null}},"13":{"start":{"line":68,"column":4},"end":{"line":68,"column":null}},"14":{"start":{"line":75,"column":4},"end":{"line":75,"column":null}},"15":{"start":{"line":82,"column":4},"end":{"line":82,"column":null}},"16":{"start":{"line":39,"column":0},"end":{"line":39,"column":13}},"17":{"start":{"line":127,"column":20},"end":{"line":127,"column":34}},"18":{"start":{"line":128,"column":20},"end":{"line":128,"column":40}},"19":{"start":{"line":129,"column":20},"end":{"line":129,"column":43}},"20":{"start":{"line":130,"column":20},"end":{"line":130,"column":46}},"21":{"start":{"line":131,"column":20},"end":{"line":131,"column":38}},"22":{"start":{"line":132,"column":20},"end":{"line":132,"column":34}},"23":{"start":{"line":139,"column":4},"end":{"line":139,"column":null}},"24":{"start":{"line":143,"column":4},"end":{"line":143,"column":null}},"25":{"start":{"line":147,"column":4},"end":{"line":147,"column":null}},"26":{"start":{"line":154,"column":4},"end":{"line":154,"column":null}},"27":{"start":{"line":161,"column":4},"end":{"line":161,"column":null}},"28":{"start":{"line":161,"column":23},"end":{"line":161,"column":null}},"29":{"start":{"line":162,"column":28},"end":{"line":162,"column":47}},"30":{"start":{"line":163,"column":4},"end":{"line":163,"column":null}},"31":{"start":{"line":170,"column":4},"end":{"line":170,"column":null}},"32":{"start":{"line":170,"column":23},"end":{"line":170,"column":null}},"33":{"start":{"line":171,"column":36},"end":{"line":171,"column":55}},"34":{"start":{"line":172,"column":4},"end":{"line":172,"column":null}},"35":{"start":{"line":172,"column":25},"end":{"line":172,"column":null}},"36":{"start":{"line":173,"column":4},"end":{"line":173,"column":null}},"37":{"start":{"line":125,"column":0},"end":{"line":125,"column":13}},"38":{"start":{"line":198,"column":4},"end":{"line":198,"column":null}},"39":{"start":{"line":195,"column":20},"end":{"line":195,"column":34}},"40":{"start":{"line":196,"column":20},"end":{"line":196,"column":31}},"41":{"start":{"line":199,"column":4},"end":{"line":199,"column":null}},"42":{"start":{"line":192,"column":0},"end":{"line":192,"column":13}}},"fnMap":{"0":{"name":"(anonymous_0)","decl":{"start":{"line":29,"column":0},"end":{"line":29,"column":12}},"loc":{"start":{"line":29,"column":24},"end":{"line":34,"column":1}}},"1":{"name":"(anonymous_1)","decl":{"start":{"line":40,"column":2},"end":{"line":40,"column":null}},"loc":{"start":{"line":46,"column":39},"end":{"line":47,"column":6}}},"2":{"name":"(anonymous_2)","decl":{"start":{"line":52,"column":2},"end":{"line":52,"column":8}},"loc":{"start":{"line":52,"column":54},"end":{"line":62,"column":3}}},"3":{"name":"(anonymous_3)","decl":{"start":{"line":67,"column":2},"end":{"line":67,"column":8}},"loc":{"start":{"line":67,"column":8},"end":{"line":69,"column":3}}},"4":{"name":"(anonymous_4)","decl":{"start":{"line":74,"column":2},"end":{"line":74,"column":8}},"loc":{"start":{"line":74,"column":20},"end":{"line":76,"column":3}}},"5":{"name":"(anonymous_5)","decl":{"start":{"line":81,"column":2},"end":{"line":81,"column":16}},"loc":{"start":{"line":81,"column":16},"end":{"line":83,"column":3}}},"6":{"name":"(anonymous_6)","decl":{"start":{"line":126,"column":2},"end":{"line":126,"column":null}},"loc":{"start":{"line":132,"column":34},"end":{"line":133,"column":6}}},"7":{"name":"(anonymous_7)","decl":{"start":{"line":138,"column":2},"end":{"line":138,"column":8}},"loc":{"start":{"line":138,"column":82},"end":{"line":140,"column":3}}},"8":{"name":"(anonymous_8)","decl":{"start":{"line":142,"column":2},"end":{"line":142,"column":8}},"loc":{"start":{"line":142,"column":99},"end":{"line":144,"column":3}}},"9":{"name":"(anonymous_9)","decl":{"start":{"line":146,"column":2},"end":{"line":146,"column":8}},"loc":{"start":{"line":146,"column":46},"end":{"line":148,"column":3}}},"10":{"name":"(anonymous_10)","decl":{"start":{"line":153,"column":2},"end":{"line":153,"column":21}},"loc":{"start":{"line":153,"column":21},"end":{"line":155,"column":3}}},"11":{"name":"(anonymous_11)","decl":{"start":{"line":160,"column":2},"end":{"line":160,"column":23}},"loc":{"start":{"line":160,"column":23},"end":{"line":164,"column":3}}},"12":{"name":"(anonymous_12)","decl":{"start":{"line":169,"column":2},"end":{"line":169,"column":21}},"loc":{"start":{"line":169,"column":21},"end":{"line":174,"column":3}}},"13":{"name":"(anonymous_13)","decl":{"start":{"line":193,"column":2},"end":{"line":193,"column":null}},"loc":{"start":{"line":196,"column":31},"end":{"line":200,"column":3}}}},"branchMap":{"0":{"loc":{"start":{"line":29,"column":12},"end":{"line":29,"column":null}},"type":"binary-expr","locations":[{"start":{"line":29,"column":12},"end":{"line":29,"column":24}},{"start":{"line":29,"column":24},"end":{"line":29,"column":null}}]},"1":{"loc":{"start":{"line":46,"column":20},"end":{"line":46,"column":39}},"type":"default-arg","locations":[{"start":{"line":46,"column":37},"end":{"line":46,"column":39}}]},"2":{"loc":{"start":{"line":53,"column":33},"end":{"line":53,"column":50}},"type":"binary-expr","locations":[{"start":{"line":53,"column":33},"end":{"line":53,"column":44}},{"start":{"line":53,"column":48},"end":{"line":53,"column":50}}]},"3":{"loc":{"start":{"line":53,"column":54},"end":{"line":53,"column":75}},"type":"binary-expr","locations":[{"start":{"line":53,"column":54},"end":{"line":53,"column":65}},{"start":{"line":53,"column":69},"end":{"line":53,"column":75}}]},"4":{"loc":{"start":{"line":57,"column":6},"end":{"line":57,"column":23}},"type":"binary-expr","locations":[{"start":{"line":57,"column":6},"end":{"line":57,"column":17}},{"start":{"line":57,"column":21},"end":{"line":57,"column":23}}]},"5":{"loc":{"start":{"line":58,"column":6},"end":{"line":58,"column":27}},"type":"binary-expr","locations":[{"start":{"line":58,"column":6},"end":{"line":58,"column":17}},{"start":{"line":58,"column":21},"end":{"line":58,"column":27}}]},"6":{"loc":{"start":{"line":59,"column":6},"end":{"line":59,"column":71}},"type":"binary-expr","locations":[{"start":{"line":59,"column":6},"end":{"line":59,"column":17}},{"start":{"line":59,"column":21},"end":{"line":59,"column":71}}]},"7":{"loc":{"start":{"line":59,"column":31},"end":{"line":59,"column":69}},"type":"binary-expr","locations":[{"start":{"line":59,"column":31},"end":{"line":59,"column":34}},{"start":{"line":59,"column":38},"end":{"line":59,"column":69}}]},"8":{"loc":{"start":{"line":60,"column":6},"end":{"line":60,"column":23}},"type":"binary-expr","locations":[{"start":{"line":60,"column":6},"end":{"line":60,"column":17}},{"start":{"line":60,"column":21},"end":{"line":60,"column":23}}]},"9":{"loc":{"start":{"line":82,"column":11},"end":{"line":82,"column":33}},"type":"binary-expr","locations":[{"start":{"line":82,"column":11},"end":{"line":82,"column":20}},{"start":{"line":82,"column":24},"end":{"line":82,"column":33}}]},"10":{"loc":{"start":{"line":131,"column":20},"end":{"line":131,"column":48}},"type":"default-arg","locations":[{"start":{"line":131,"column":38},"end":{"line":131,"column":48}}]},"11":{"loc":{"start":{"line":154,"column":11},"end":{"line":154,"column":47}},"type":"binary-expr","locations":[{"start":{"line":154,"column":11},"end":{"line":154,"column":42}},{"start":{"line":154,"column":46},"end":{"line":154,"column":47}}]},"12":{"loc":{"start":{"line":161,"column":4},"end":{"line":161,"column":null}},"type":"if","locations":[{"start":{"line":161,"column":4},"end":{"line":161,"column":null}}]},"13":{"loc":{"start":{"line":170,"column":4},"end":{"line":170,"column":null}},"type":"if","locations":[{"start":{"line":170,"column":4},"end":{"line":170,"column":null}}]},"14":{"loc":{"start":{"line":172,"column":4},"end":{"line":172,"column":null}},"type":"if","locations":[{"start":{"line":172,"column":4},"end":{"line":172,"column":null}}]}},"s":{"0":1,"1":1,"2":1,"3":1,"4":1,"5":0,"6":0,"7":0,"8":0,"9":0,"10":0,"11":0,"12":0,"13":0,"14":0,"15":0,"16":1,"17":0,"18":0,"19":0,"20":0,"21":0,"22":0,"23":0,"24":0,"25":0,"26":0,"27":0,"28":0,"29":0,"30":0,"31":0,"32":0,"33":0,"34":0,"35":0,"36":0,"37":1,"38":0,"39":0,"40":0,"41":0,"42":1},"f":{"0":1,"1":0,"2":0,"3":0,"4":0,"5":0,"6":0,"7":0,"8":0,"9":0,"10":0,"11":0,"12":0,"13":0},"b":{"0":[1,1],"1":[0],"2":[0,0],"3":[0,0],"4":[0,0],"5":[0,0],"6":[0,0],"7":[0,0],"8":[0,0],"9":[0,0],"10":[0],"11":[0,0],"12":[0],"13":[0],"14":[0]}}
,"/Users/a1234/.openclaw/workspace/ops-maintenance/src-new/infrastructure/notifiers/EmailNotifier.ts": {"path":"/Users/a1234/.openclaw/workspace/ops-maintenance/src-new/infrastructure/notifiers/EmailNotifier.ts","statementMap":{"0":{"start":{"line":127,"column":0},"end":{"line":127,"column":16}},"1":{"start":{"line":5,"column":0},"end":{"line":5,"column":35}},"2":{"start":{"line":8,"column":0},"end":{"line":8,"column":51}},"3":{"start":{"line":9,"column":0},"end":{"line":9,"column":43}},"4":{"start":{"line":11,"column":57},"end":{"line":17,"column":null}},"5":{"start":{"line":20,"column":10},"end":{"line":20,"column":null}},"6":{"start":{"line":22,"column":10},"end":{"line":22,"column":null}},"7":{"start":{"line":25,"column":4},"end":{"line":25,"column":null}},"8":{"start":{"line":32,"column":4},"end":{"line":32,"column":32}},"9":{"start":{"line":32,"column":26},"end":{"line":32,"column":32}},"10":{"start":{"line":34,"column":4},"end":{"line":42,"column":null}},"11":{"start":{"line":45,"column":17},"end":{"line":45,"column":48}},"12":{"start":{"line":46,"column":4},"end":{"line":46,"column":null}},"13":{"start":{"line":54,"column":4},"end":{"line":57,"column":5}},"14":{"start":{"line":55,"column":6},"end":{"line":55,"column":null}},"15":{"start":{"line":56,"column":6},"end":{"line":56,"column":12}},"16":{"start":{"line":59,"column":4},"end":{"line":61,"column":5}},"17":{"start":{"line":60,"column":6},"end":{"line":60,"column":null}},"18":{"start":{"line":63,"column":4},"end":{"line":63,"column":33}},"19":{"start":{"line":63,"column":27},"end":{"line":63,"column":33}},"20":{"start":{"line":64,"column":20},"end":{"line":64,"column":66}},"21":{"start":{"line":65,"column":18},"end":{"line":65,"column":81}},"22":{"start":{"line":66,"column":17},"end":{"line":66,"column":87}},"23":{"start":{"line":67,"column":41},"end":{"line":72,"column":null}},"24":{"start":{"line":73,"column":4},"end":{"line":79,"column":5}},"25":{"start":{"line":74,"column":19},"end":{"line":74,"column":63}},"26":{"start":{"line":75,"column":6},"end":{"line":75,"column":null}},"27":{"start":{"line":77,"column":6},"end":{"line":77,"column":null}},"28":{"start":{"line":78,"column":6},"end":{"line":78,"column":null}},"29":{"start":{"line":86,"column":4},"end":{"line":93,"column":5}},"30":{"start":{"line":88,"column":23},"end":{"line":88,"column":63}},"31":{"start":{"line":89,"column":6},"end":{"line":92,"column":7}},"32":{"start":{"line":90,"column":8},"end":{"line":90,"column":null}},"33":{"start":{"line":91,"column":8},"end":{"line":91,"column":14}},"34":{"start":{"line":95,"column":28},"end":{"line":95,"column":30}},"35":{"start":{"line":96,"column":4},"end":{"line":96,"column":null}},"36":{"start":{"line":97,"column":4},"end":{"line":97,"column":null}},"37":{"start":{"line":98,"column":4},"end":{"line":98,"column":null}},"38":{"start":{"line":100,"column":4},"end":{"line":110,"column":5}},"39":{"start":{"line":101,"column":19},"end":{"line":101,"column":117}},"40":{"start":{"line":102,"column":6},"end":{"line":102,"column":null}},"41":{"start":{"line":104,"column":6},"end":{"line":109,"column":7}},"42":{"start":{"line":105,"column":21},"end":{"line":105,"column":49}},"43":{"start":{"line":106,"column":20},"end":{"line":106,"column":50}},"44":{"start":{"line":107,"column":8},"end":{"line":107,"column":null}},"45":{"start":{"line":107,"column":23},"end":{"line":107,"column":null}},"46":{"start":{"line":108,"column":8},"end":{"line":108,"column":null}},"47":{"start":{"line":108,"column":22},"end":{"line":108,"column":null}},"48":{"start":{"line":112,"column":18},"end":{"line":112,"column":88}},"49":{"start":{"line":113,"column":4},"end":{"line":113,"column":null}},"50":{"start":{"line":120,"column":4},"end":{"line":123,"column":5}},"51":{"start":{"line":121,"column":6},"end":{"line":121,"column":null}},"52":{"start":{"line":122,"column":6},"end":{"line":122,"column":null}},"53":{"start":{"line":19,"column":0},"end":{"line":19,"column":13}},"54":{"start":{"line":128,"column":2},"end":{"line":128,"column":null}}},"fnMap":{"0":{"name":"(anonymous_1)","decl":{"start":{"line":24,"column":2},"end":{"line":24,"column":14}},"loc":{"start":{"line":24,"column":47},"end":{"line":26,"column":3}}},"1":{"name":"(anonymous_2)","decl":{"start":{"line":31,"column":2},"end":{"line":31,"column":7}},"loc":{"start":{"line":31,"column":12},"end":{"line":47,"column":3}}},"2":{"name":"(anonymous_3)","decl":{"start":{"line":52,"column":2},"end":{"line":52,"column":7}},"loc":{"start":{"line":52,"column":85},"end":{"line":80,"column":3}}},"3":{"name":"(anonymous_4)","decl":{"start":{"line":85,"column":2},"end":{"line":85,"column":7}},"loc":{"start":{"line":85,"column":45},"end":{"line":114,"column":3}}},"4":{"name":"(anonymous_5)","decl":{"start":{"line":119,"column":2},"end":{"line":119,"column":7}},"loc":{"start":{"line":119,"column":13},"end":{"line":124,"column":3}}},"5":{"name":"createEmailNotifier","decl":{"start":{"line":127,"column":16},"end":{"line":127,"column":35}},"loc":{"start":{"line":127,"column":64},"end":{"line":129,"column":1}}}},"branchMap":{"0":{"loc":{"start":{"line":24,"column":14},"end":{"line":24,"column":47}},"type":"default-arg","locations":[{"start":{"line":24,"column":45},"end":{"line":24,"column":47}}]},"1":{"loc":{"start":{"line":32,"column":4},"end":{"line":32,"column":32}},"type":"if","locations":[{"start":{"line":32,"column":4},"end":{"line":32,"column":32}}]},"2":{"loc":{"start":{"line":54,"column":4},"end":{"line":57,"column":5}},"type":"if","locations":[{"start":{"line":54,"column":4},"end":{"line":57,"column":5}}]},"3":{"loc":{"start":{"line":54,"column":8},"end":{"line":54,"column":50}},"type":"binary-expr","locations":[{"start":{"line":54,"column":8},"end":{"line":54,"column":25}},{"start":{"line":54,"column":29},"end":{"line":54,"column":50}}]},"4":{"loc":{"start":{"line":59,"column":4},"end":{"line":61,"column":5}},"type":"if","locations":[{"start":{"line":59,"column":4},"end":{"line":61,"column":5}}]},"5":{"loc":{"start":{"line":63,"column":4},"end":{"line":63,"column":33}},"type":"if","locations":[{"start":{"line":63,"column":4},"end":{"line":63,"column":33}}]},"6":{"loc":{"start":{"line":65,"column":18},"end":{"line":65,"column":81}},"type":"cond-expr","locations":[{"start":{"line":65,"column":41},"end":{"line":65,"column":45}},{"start":{"line":65,"column":48},"end":{"line":65,"column":81}}]},"7":{"loc":{"start":{"line":65,"column":48},"end":{"line":65,"column":81}},"type":"cond-expr","locations":[{"start":{"line":65,"column":70},"end":{"line":65,"column":74}},{"start":{"line":65,"column":77},"end":{"line":65,"column":81}}]},"8":{"loc":{"start":{"line":68,"column":12},"end":{"line":68,"column":48}},"type":"binary-expr","locations":[{"start":{"line":68,"column":12},"end":{"line":68,"column":28}},{"start":{"line":68,"column":32},"end":{"line":68,"column":48}}]},"9":{"loc":{"start":{"line":86,"column":4},"end":{"line":93,"column":5}},"type":"if","locations":[{"start":{"line":86,"column":4},"end":{"line":93,"column":5}}]},"10":{"loc":{"start":{"line":88,"column":23},"end":{"line":88,"column":63}},"type":"binary-expr","locations":[{"start":{"line":88,"column":23},"end":{"line":88,"column":41}},{"start":{"line":88,"column":45},"end":{"line":88,"column":63}}]},"11":{"loc":{"start":{"line":89,"column":6},"end":{"line":92,"column":7}},"type":"if","locations":[{"start":{"line":89,"column":6},"end":{"line":92,"column":7}}]},"12":{"loc":{"start":{"line":101,"column":19},"end":{"line":101,"column":117}},"type":"cond-expr","locations":[{"start":{"line":101,"column":60},"end":{"line":101,"column":63}},{"start":{"line":101,"column":66},"end":{"line":101,"column":117}}]},"13":{"loc":{"start":{"line":101,"column":66},"end":{"line":101,"column":117}},"type":"cond-expr","locations":[{"start":{"line":101,"column":107},"end":{"line":101,"column":111}},{"start":{"line":101,"column":114},"end":{"line":101,"column":117}}]},"14":{"loc":{"start":{"line":104,"column":6},"end":{"line":109,"column":7}},"type":"if","locations":[{"start":{"line":104,"column":6},"end":{"line":109,"column":7}}]},"15":{"loc":{"start":{"line":107,"column":8},"end":{"line":107,"column":null}},"type":"if","locations":[{"start":{"line":107,"column":8},"end":{"line":107,"column":null}}]},"16":{"loc":{"start":{"line":108,"column":8},"end":{"line":108,"column":null}},"type":"if","locations":[{"start":{"line":108,"column":8},"end":{"line":108,"column":null}}]},"17":{"loc":{"start":{"line":112,"column":18},"end":{"line":112,"column":88}},"type":"cond-expr","locations":[{"start":{"line":112,"column":39},"end":{"line":112,"column":48}},{"start":{"line":112,"column":51},"end":{"line":112,"column":88}}]},"18":{"loc":{"start":{"line":112,"column":51},"end":{"line":112,"column":88}},"type":"cond-expr","locations":[{"start":{"line":112,"column":72},"end":{"line":112,"column":79}},{"start":{"line":112,"column":82},"end":{"line":112,"column":88}}]},"19":{"loc":{"start":{"line":113,"column":47},"end":{"line":113,"column":90}},"type":"cond-expr","locations":[{"start":{"line":113,"column":68},"end":{"line":113,"column":78}},{"start":{"line":113,"column":81},"end":{"line":113,"column":90}}]},"20":{"loc":{"start":{"line":120,"column":4},"end":{"line":123,"column":5}},"type":"if","locations":[{"start":{"line":120,"column":4},"end":{"line":123,"column":5}}]}},"s":{"0":1,"1":1,"2":1,"3":1,"4":1,"5":4,"6":4,"7":4,"8":0,"9":0,"10":0,"11":0,"12":0,"13":3,"14":1,"15":1,"16":2,"17":0,"18":2,"19":0,"20":2,"21":2,"22":2,"23":2,"24":2,"25":2,"26":2,"27":0,"28":0,"29":0,"30":0,"31":0,"32":0,"33":0,"34":0,"35":0,"36":0,"37":0,"38":0,"39":0,"40":0,"41":0,"42":0,"43":0,"44":0,"45":0,"46":0,"47":0,"48":0,"49":0,"50":0,"51":0,"52":0,"53":1,"54":0},"f":{"0":4,"1":0,"2":3,"3":0,"4":0,"5":0},"b":{"0":[1],"1":[0],"2":[1],"3":[3,2],"4":[0],"5":[0],"6":[1,1],"7":[0,1],"8":[2,0],"9":[0],"10":[0,0],"11":[0],"12":[0,0],"13":[0,0],"14":[0],"15":[0],"16":[0],"17":[0,0],"18":[0,0],"19":[0,0],"20":[0]}}
,"/Users/a1234/.openclaw/workspace/ops-maintenance/src-new/utils/logger.ts": {"path":"/Users/a1234/.openclaw/workspace/ops-maintenance/src-new/utils/logger.ts","statementMap":{"0":{"start":{"line":6,"column":0},"end":{"line":6,"column":29}},"1":{"start":{"line":11,"column":0},"end":{"line":11,"column":null}},"2":{"start":{"line":12,"column":2},"end":{"line":12,"column":null}},"3":{"start":{"line":13,"column":2},"end":{"line":13,"column":null}},"4":{"start":{"line":14,"column":2},"end":{"line":14,"column":null}},"5":{"start":{"line":15,"column":2},"end":{"line":15,"column":null}},"6":{"start":{"line":21,"column":18},"end":{"line":24,"column":null}},"7":{"start":{"line":30,"column":22},"end":{"line":39,"column":null}},"8":{"start":{"line":34,"column":18},"end":{"line":34,"column":20}},"9":{"start":{"line":35,"column":4},"end":{"line":37,"column":5}},"10":{"start":{"line":36,"column":6},"end":{"line":36,"column":null}},"11":{"start":{"line":38,"column":4},"end":{"line":38,"column":null}},"12":{"start":{"line":45,"column":49},"end":{"line":50,"column":null}},"13":{"start":{"line":59,"column":30},"end":{"line":59,"column":46}},"14":{"start":{"line":60,"column":23},"end":{"line":64,"column":null}},"15":{"start":{"line":66,"column":4},"end":{"line":72,"column":null}},"16":{"start":{"line":79,"column":4},"end":{"line":81,"column":5}},"17":{"start":{"line":80,"column":6},"end":{"line":80,"column":null}},"18":{"start":{"line":82,"column":4},"end":{"line":84,"column":5}},"19":{"start":{"line":83,"column":6},"end":{"line":83,"column":null}},"20":{"start":{"line":85,"column":4},"end":{"line":85,"column":null}},"21":{"start":{"line":92,"column":26},"end":{"line":92,"column":53}},"22":{"start":{"line":93,"column":4},"end":{"line":93,"column":null}},"23":{"start":{"line":97,"column":4},"end":{"line":99,"column":5}},"24":{"start":{"line":98,"column":6},"end":{"line":98,"column":null}},"25":{"start":{"line":100,"column":4},"end":{"line":100,"column":null}},"26":{"start":{"line":107,"column":4},"end":{"line":107,"column":null}},"27":{"start":{"line":114,"column":4},"end":{"line":114,"column":null}},"28":{"start":{"line":121,"column":4},"end":{"line":121,"column":null}},"29":{"start":{"line":128,"column":4},"end":{"line":132,"column":5}},"30":{"start":{"line":129,"column":6},"end":{"line":129,"column":null}},"31":{"start":{"line":131,"column":6},"end":{"line":131,"column":null}},"32":{"start":{"line":139,"column":20},"end":{"line":139,"column":66}},"33":{"start":{"line":140,"column":24},"end":{"line":140,"column":46}},"34":{"start":{"line":142,"column":4},"end":{"line":146,"column":5}},"35":{"start":{"line":143,"column":6},"end":{"line":143,"column":null}},"36":{"start":{"line":145,"column":6},"end":{"line":145,"column":null}},"37":{"start":{"line":153,"column":4},"end":{"line":153,"column":null}},"38":{"start":{"line":160,"column":18},"end":{"line":160,"column":45}},"39":{"start":{"line":161,"column":4},"end":{"line":161,"column":null}},"40":{"start":{"line":168,"column":4},"end":{"line":168,"column":null}},"41":{"start":{"line":55,"column":0},"end":{"line":55,"column":13}},"42":{"start":{"line":56,"column":17},"end":{"line":56,"column":null}}},"fnMap":{"0":{"name":"(anonymous_1)","decl":{"start":{"line":11,"column":0},"end":{"line":11,"column":12}},"loc":{"start":{"line":11,"column":20},"end":{"line":16,"column":1}}},"1":{"name":"(anonymous_2)","decl":{"start":{"line":33,"column":24},"end":{"line":33,"column":25}},"loc":{"start":{"line":33,"column":67},"end":{"line":39,"column":3}}},"2":{"name":"(anonymous_3)","decl":{"start":{"line":59,"column":2},"end":{"line":59,"column":30}},"loc":{"start":{"line":59,"column":46},"end":{"line":73,"column":3}}},"3":{"name":"(anonymous_4)","decl":{"start":{"line":78,"column":2},"end":{"line":78,"column":8}},"loc":{"start":{"line":78,"column":35},"end":{"line":86,"column":3}}},"4":{"name":"(anonymous_5)","decl":{"start":{"line":91,"column":2},"end":{"line":91,"column":8}},"loc":{"start":{"line":91,"column":42},"end":{"line":94,"column":3}}},"5":{"name":"(anonymous_6)","decl":{"start":{"line":96,"column":10},"end":{"line":96,"column":16}},"loc":{"start":{"line":96,"column":28},"end":{"line":101,"column":3}}},"6":{"name":"(anonymous_7)","decl":{"start":{"line":106,"column":2},"end":{"line":106,"column":7}},"loc":{"start":{"line":106,"column":35},"end":{"line":108,"column":3}}},"7":{"name":"(anonymous_8)","decl":{"start":{"line":113,"column":2},"end":{"line":113,"column":6}},"loc":{"start":{"line":113,"column":34},"end":{"line":115,"column":3}}},"8":{"name":"(anonymous_9)","decl":{"start":{"line":120,"column":2},"end":{"line":120,"column":6}},"loc":{"start":{"line":120,"column":34},"end":{"line":122,"column":3}}},"9":{"name":"(anonymous_10)","decl":{"start":{"line":127,"column":2},"end":{"line":127,"column":7}},"loc":{"start":{"line":127,"column":44},"end":{"line":133,"column":3}}},"10":{"name":"(anonymous_11)","decl":{"start":{"line":138,"column":10},"end":{"line":138,"column":13}},"loc":{"start":{"line":138,"column":56},"end":{"line":147,"column":3}}},"11":{"name":"(anonymous_12)","decl":{"start":{"line":152,"column":2},"end":{"line":152,"column":13}},"loc":{"start":{"line":152,"column":79},"end":{"line":154,"column":3}}},"12":{"name":"(anonymous_13)","decl":{"start":{"line":159,"column":2},"end":{"line":159,"column":12}},"loc":{"start":{"line":159,"column":80},"end":{"line":162,"column":3}}},"13":{"name":"(anonymous_14)","decl":{"start":{"line":167,"column":2},"end":{"line":167,"column":14}},"loc":{"start":{"line":167,"column":41},"end":{"line":169,"column":3}}}},"branchMap":{"0":{"loc":{"start":{"line":11,"column":12},"end":{"line":11,"column":null}},"type":"binary-expr","locations":[{"start":{"line":11,"column":12},"end":{"line":11,"column":20}},{"start":{"line":11,"column":20},"end":{"line":11,"column":null}}]},"1":{"loc":{"start":{"line":35,"column":4},"end":{"line":37,"column":5}},"type":"if","locations":[{"start":{"line":35,"column":4},"end":{"line":37,"column":5}}]},"2":{"loc":{"start":{"line":62,"column":16},"end":{"line":62,"column":81}},"type":"cond-expr","locations":[{"start":{"line":62,"column":56},"end":{"line":62,"column":65}},{"start":{"line":62,"column":68},"end":{"line":62,"column":81}}]},"3":{"loc":{"start":{"line":67,"column":13},"end":{"line":67,"column":48}},"type":"binary-expr","locations":[{"start":{"line":67,"column":13},"end":{"line":67,"column":38}},{"start":{"line":67,"column":42},"end":{"line":67,"column":48}}]},"4":{"loc":{"start":{"line":79,"column":4},"end":{"line":81,"column":5}},"type":"if","locations":[{"start":{"line":79,"column":4},"end":{"line":81,"column":5}}]},"5":{"loc":{"start":{"line":82,"column":4},"end":{"line":84,"column":5}},"type":"if","locations":[{"start":{"line":82,"column":4},"end":{"line":84,"column":5}}]},"6":{"loc":{"start":{"line":82,"column":8},"end":{"line":82,"column":46}},"type":"binary-expr","locations":[{"start":{"line":82,"column":8},"end":{"line":82,"column":15}},{"start":{"line":82,"column":19},"end":{"line":82,"column":46}}]},"7":{"loc":{"start":{"line":93,"column":26},"end":{"line":93,"column":59}},"type":"binary-expr","locations":[{"start":{"line":93,"column":26},"end":{"line":93,"column":49}},{"start":{"line":93,"column":53},"end":{"line":93,"column":59}}]},"8":{"loc":{"start":{"line":97,"column":4},"end":{"line":99,"column":5}},"type":"if","locations":[{"start":{"line":97,"column":4},"end":{"line":99,"column":5}}]},"9":{"loc":{"start":{"line":128,"column":4},"end":{"line":132,"column":5}},"type":"if","locations":[{"start":{"line":128,"column":4},"end":{"line":132,"column":5}},{"start":{"line":130,"column":11},"end":{"line":132,"column":5}}]},"10":{"loc":{"start":{"line":139,"column":20},"end":{"line":139,"column":66}},"type":"cond-expr","locations":[{"start":{"line":139,"column":38},"end":{"line":139,"column":61}},{"start":{"line":139,"column":64},"end":{"line":139,"column":66}}]},"11":{"loc":{"start":{"line":142,"column":4},"end":{"line":146,"column":5}},"type":"if","locations":[{"start":{"line":142,"column":4},"end":{"line":146,"column":5}},{"start":{"line":144,"column":11},"end":{"line":146,"column":5}}]},"12":{"loc":{"start":{"line":160,"column":18},"end":{"line":160,"column":45}},"type":"cond-expr","locations":[{"start":{"line":160,"column":28},"end":{"line":160,"column":35}},{"start":{"line":160,"column":38},"end":{"line":160,"column":45}}]}},"s":{"0":1,"1":1,"2":1,"3":1,"4":1,"5":1,"6":1,"7":1,"8":3,"9":3,"10":0,"11":3,"12":1,"13":1,"14":1,"15":1,"16":4,"17":1,"18":4,"19":0,"20":4,"21":0,"22":0,"23":0,"24":0,"25":0,"26":0,"27":2,"28":1,"29":0,"30":0,"31":0,"32":3,"33":3,"34":3,"35":0,"36":3,"37":0,"38":0,"39":0,"40":0,"41":1,"42":1},"f":{"0":1,"1":3,"2":1,"3":4,"4":0,"5":0,"6":0,"7":2,"8":1,"9":0,"10":3,"11":0,"12":0,"13":0},"b":{"0":[1,1],"1":[0],"2":[0,1],"3":[1,1],"4":[1],"5":[0],"6":[4,4],"7":[0,0],"8":[0],"9":[0,0],"10":[3,0],"11":[0,3],"12":[0,0]}}
}
